1720427550.976385 client started (52433): version 3.3a, socket /tmp/tmux-1000/default, protocol 8
1720427550.976457 on Linux 6.5.0-42-generic #42-Ubuntu SMP PREEMPT_DYNAMIC Mon Jun 10 09:28:55 UTC 2024
1720427550.976460 using libevent 2.1.12-stable (poll); ncurses 6.4
1720427550.976469 flags are 0x18010000
1720427550.976472 socket is /tmp/tmux-1000/default
1720427550.976480 trying connect
1720427550.976491 connect failed: No such file or directory
1720427550.976497 lock file is /tmp/tmux-1000/default.lock
1720427550.976512 flock succeeded
1720427550.976514 got lock (6)
1720427550.976518 trying connect
1720427550.976523 connect failed: No such file or directory
1720427550.976669 add peer 0x635b6197dba0: 7 ((nil))
1720427550.976929 sending message 100 to peer 0x635b6197dba0 (4 bytes)
1720427550.976935 sending message 111 to peer 0x635b6197dba0 (8 bytes)
1720427550.976938 sending message 101 to peer 0x635b6197dba0 (15 bytes)
1720427550.976940 sending message 109 to peer 0x635b6197dba0 (4 bytes)
1720427550.976943 sending message 102 to peer 0x635b6197dba0 (11 bytes)
1720427550.976945 sending message 108 to peer 0x635b6197dba0 (30 bytes)
1720427550.976947 sending message 112 to peer 0x635b6197dba0 (58 bytes)
1720427550.976950 sending message 112 to peer 0x635b6197dba0 (5 bytes)
1720427550.976953 sending message 112 to peer 0x635b6197dba0 (5 bytes)
1720427550.976955 sending message 112 to peer 0x635b6197dba0 (6 bytes)
1720427550.976957 sending message 112 to peer 0x635b6197dba0 (6 bytes)
1720427550.976960 sending message 112 to peer 0x635b6197dba0 (11 bytes)
1720427550.976962 sending message 112 to peer 0x635b6197dba0 (10 bytes)
1720427550.976964 sending message 112 to peer 0x635b6197dba0 (13 bytes)
1720427550.976967 sending message 112 to peer 0x635b6197dba0 (14 bytes)
1720427550.976969 sending message 112 to peer 0x635b6197dba0 (19 bytes)
1720427550.976971 sending message 112 to peer 0x635b6197dba0 (11 bytes)
1720427550.976974 sending message 112 to peer 0x635b6197dba0 (10 bytes)
1720427550.976976 sending message 112 to peer 0x635b6197dba0 (15 bytes)
1720427550.976978 sending message 112 to peer 0x635b6197dba0 (21 bytes)
1720427550.976980 sending message 112 to peer 0x635b6197dba0 (13 bytes)
1720427550.976983 sending message 112 to peer 0x635b6197dba0 (7 bytes)
1720427550.976985 sending message 112 to peer 0x635b6197dba0 (13 bytes)
1720427550.976987 sending message 112 to peer 0x635b6197dba0 (7 bytes)
1720427550.976990 sending message 112 to peer 0x635b6197dba0 (13 bytes)
1720427550.976992 sending message 112 to peer 0x635b6197dba0 (9 bytes)
1720427550.976994 sending message 112 to peer 0x635b6197dba0 (21 bytes)
1720427550.976997 sending message 112 to peer 0x635b6197dba0 (13 bytes)
1720427550.976999 sending message 112 to peer 0x635b6197dba0 (9 bytes)
1720427550.977001 sending message 112 to peer 0x635b6197dba0 (16 bytes)
1720427550.977003 sending message 112 to peer 0x635b6197dba0 (13 bytes)
1720427550.977005 sending message 112 to peer 0x635b6197dba0 (9 bytes)
1720427550.977008 sending message 112 to peer 0x635b6197dba0 (9 bytes)
1720427550.977010 sending message 112 to peer 0x635b6197dba0 (12 bytes)
1720427550.977012 sending message 112 to peer 0x635b6197dba0 (8 bytes)
1720427550.977014 sending message 112 to peer 0x635b6197dba0 (8 bytes)
1720427550.977017 sending message 112 to peer 0x635b6197dba0 (13 bytes)
1720427550.977019 sending message 112 to peer 0x635b6197dba0 (7 bytes)
1720427550.977022 sending message 112 to peer 0x635b6197dba0 (7 bytes)
1720427550.977024 sending message 112 to peer 0x635b6197dba0 (9 bytes)
1720427550.977026 sending message 112 to peer 0x635b6197dba0 (9 bytes)
1720427550.977029 sending message 112 to peer 0x635b6197dba0 (15 bytes)
1720427550.977031 sending message 112 to peer 0x635b6197dba0 (13 bytes)
1720427550.977033 sending message 112 to peer 0x635b6197dba0 (12 bytes)
1720427550.977035 sending message 112 to peer 0x635b6197dba0 (8 bytes)
1720427550.977038 sending message 112 to peer 0x635b6197dba0 (14 bytes)
1720427550.977040 sending message 112 to peer 0x635b6197dba0 (11 bytes)
1720427550.977042 sending message 112 to peer 0x635b6197dba0 (9 bytes)
1720427550.977050 sending message 112 to peer 0x635b6197dba0 (10 bytes)
1720427550.977053 sending message 112 to peer 0x635b6197dba0 (10 bytes)
1720427550.977055 sending message 112 to peer 0x635b6197dba0 (10 bytes)
1720427550.977057 sending message 112 to peer 0x635b6197dba0 (10 bytes)
1720427550.977060 sending message 112 to peer 0x635b6197dba0 (11 bytes)
1720427550.977062 sending message 112 to peer 0x635b6197dba0 (12 bytes)
1720427550.977064 sending message 112 to peer 0x635b6197dba0 (12 bytes)
1720427550.977066 sending message 112 to peer 0x635b6197dba0 (12 bytes)
1720427550.977068 sending message 112 to peer 0x635b6197dba0 (12 bytes)
1720427550.977071 sending message 112 to peer 0x635b6197dba0 (12 bytes)
1720427550.977073 sending message 112 to peer 0x635b6197dba0 (11 bytes)
1720427550.977075 sending message 112 to peer 0x635b6197dba0 (11 bytes)
1720427550.977078 sending message 112 to peer 0x635b6197dba0 (12 bytes)
1720427550.977080 sending message 112 to peer 0x635b6197dba0 (12 bytes)
1720427550.977083 sending message 112 to peer 0x635b6197dba0 (12 bytes)
1720427550.977085 sending message 112 to peer 0x635b6197dba0 (12 bytes)
1720427550.977087 sending message 112 to peer 0x635b6197dba0 (12 bytes)
1720427550.977090 sending message 112 to peer 0x635b6197dba0 (9 bytes)
1720427550.977092 sending message 112 to peer 0x635b6197dba0 (12 bytes)
1720427550.977094 sending message 112 to peer 0x635b6197dba0 (13 bytes)
1720427550.977096 sending message 112 to peer 0x635b6197dba0 (13 bytes)
1720427550.977098 sending message 112 to peer 0x635b6197dba0 (13 bytes)
1720427550.977101 sending message 112 to peer 0x635b6197dba0 (13 bytes)
1720427550.977103 sending message 112 to peer 0x635b6197dba0 (13 bytes)
1720427550.977105 sending message 112 to peer 0x635b6197dba0 (8 bytes)
1720427550.977107 sending message 112 to peer 0x635b6197dba0 (11 bytes)
1720427550.977110 sending message 112 to peer 0x635b6197dba0 (11 bytes)
1720427550.977112 sending message 112 to peer 0x635b6197dba0 (11 bytes)
1720427550.977114 sending message 112 to peer 0x635b6197dba0 (12 bytes)
1720427550.977116 sending message 112 to peer 0x635b6197dba0 (12 bytes)
1720427550.977119 sending message 112 to peer 0x635b6197dba0 (12 bytes)
1720427550.977121 sending message 112 to peer 0x635b6197dba0 (12 bytes)
1720427550.977123 sending message 112 to peer 0x635b6197dba0 (13 bytes)
1720427550.977126 sending message 112 to peer 0x635b6197dba0 (13 bytes)
1720427550.977129 sending message 112 to peer 0x635b6197dba0 (13 bytes)
1720427550.977131 sending message 112 to peer 0x635b6197dba0 (8 bytes)
1720427550.977133 sending message 112 to peer 0x635b6197dba0 (13 bytes)
1720427550.977136 sending message 112 to peer 0x635b6197dba0 (13 bytes)
1720427550.977138 sending message 112 to peer 0x635b6197dba0 (13 bytes)
1720427550.977141 sending message 112 to peer 0x635b6197dba0 (13 bytes)
1720427550.977143 sending message 112 to peer 0x635b6197dba0 (13 bytes)
1720427550.977146 sending message 112 to peer 0x635b6197dba0 (12 bytes)
1720427550.977148 sending message 112 to peer 0x635b6197dba0 (12 bytes)
1720427550.977151 sending message 112 to peer 0x635b6197dba0 (12 bytes)
1720427550.977153 sending message 112 to peer 0x635b6197dba0 (12 bytes)
1720427550.977156 sending message 112 to peer 0x635b6197dba0 (13 bytes)
1720427550.977158 sending message 112 to peer 0x635b6197dba0 (8 bytes)
1720427550.977161 sending message 112 to peer 0x635b6197dba0 (13 bytes)
1720427550.977163 sending message 112 to peer 0x635b6197dba0 (13 bytes)
1720427550.977166 sending message 112 to peer 0x635b6197dba0 (13 bytes)
1720427550.977169 sending message 112 to peer 0x635b6197dba0 (13 bytes)
1720427550.977171 sending message 112 to peer 0x635b6197dba0 (13 bytes)
1720427550.977173 sending message 112 to peer 0x635b6197dba0 (13 bytes)
1720427550.977176 sending message 112 to peer 0x635b6197dba0 (13 bytes)
1720427550.977178 sending message 112 to peer 0x635b6197dba0 (12 bytes)
1720427550.977181 sending message 112 to peer 0x635b6197dba0 (12 bytes)
1720427550.977183 sending message 112 to peer 0x635b6197dba0 (12 bytes)
1720427550.977189 sending message 112 to peer 0x635b6197dba0 (8 bytes)
1720427550.977192 sending message 112 to peer 0x635b6197dba0 (12 bytes)
1720427550.977194 sending message 112 to peer 0x635b6197dba0 (13 bytes)
1720427550.977197 sending message 112 to peer 0x635b6197dba0 (13 bytes)
1720427550.977199 sending message 112 to peer 0x635b6197dba0 (13 bytes)
1720427550.977202 sending message 112 to peer 0x635b6197dba0 (13 bytes)
1720427550.977204 sending message 112 to peer 0x635b6197dba0 (13 bytes)
1720427550.977207 sending message 112 to peer 0x635b6197dba0 (13 bytes)
1720427550.977209 sending message 112 to peer 0x635b6197dba0 (13 bytes)
1720427550.977212 sending message 112 to peer 0x635b6197dba0 (13 bytes)
1720427550.977214 sending message 112 to peer 0x635b6197dba0 (12 bytes)
1720427550.977217 sending message 112 to peer 0x635b6197dba0 (10 bytes)
1720427550.977219 sending message 112 to peer 0x635b6197dba0 (12 bytes)
1720427550.977221 sending message 112 to peer 0x635b6197dba0 (12 bytes)
1720427550.977224 sending message 112 to peer 0x635b6197dba0 (12 bytes)
1720427550.977226 sending message 112 to peer 0x635b6197dba0 (13 bytes)
1720427550.977228 sending message 112 to peer 0x635b6197dba0 (13 bytes)
1720427550.977231 sending message 112 to peer 0x635b6197dba0 (13 bytes)
1720427550.977234 sending message 112 to peer 0x635b6197dba0 (13 bytes)
1720427550.977236 sending message 112 to peer 0x635b6197dba0 (13 bytes)
1720427550.977239 sending message 112 to peer 0x635b6197dba0 (13 bytes)
1720427550.977241 sending message 112 to peer 0x635b6197dba0 (13 bytes)
1720427550.977243 sending message 112 to peer 0x635b6197dba0 (10 bytes)
1720427550.977246 sending message 112 to peer 0x635b6197dba0 (13 bytes)
1720427550.977248 sending message 112 to peer 0x635b6197dba0 (12 bytes)
1720427550.977251 sending message 112 to peer 0x635b6197dba0 (12 bytes)
1720427550.977253 sending message 112 to peer 0x635b6197dba0 (12 bytes)
1720427550.977256 sending message 112 to peer 0x635b6197dba0 (10 bytes)
1720427550.977258 sending message 112 to peer 0x635b6197dba0 (10 bytes)
1720427550.977260 sending message 112 to peer 0x635b6197dba0 (10 bytes)
1720427550.977263 sending message 112 to peer 0x635b6197dba0 (12 bytes)
1720427550.977265 sending message 112 to peer 0x635b6197dba0 (13 bytes)
1720427550.977267 sending message 112 to peer 0x635b6197dba0 (13 bytes)
1720427550.977270 sending message 112 to peer 0x635b6197dba0 (13 bytes)
1720427550.977272 sending message 112 to peer 0x635b6197dba0 (13 bytes)
1720427550.977274 sending message 112 to peer 0x635b6197dba0 (13 bytes)
1720427550.977277 sending message 112 to peer 0x635b6197dba0 (10 bytes)
1720427550.977279 sending message 112 to peer 0x635b6197dba0 (11 bytes)
1720427550.977282 sending message 112 to peer 0x635b6197dba0 (12 bytes)
1720427550.977284 sending message 112 to peer 0x635b6197dba0 (12 bytes)
1720427550.977287 sending message 112 to peer 0x635b6197dba0 (12 bytes)
1720427550.977289 sending message 112 to peer 0x635b6197dba0 (12 bytes)
1720427550.977292 sending message 112 to peer 0x635b6197dba0 (12 bytes)
1720427550.977294 sending message 112 to peer 0x635b6197dba0 (11 bytes)
1720427550.977297 sending message 112 to peer 0x635b6197dba0 (12 bytes)
1720427550.977299 sending message 112 to peer 0x635b6197dba0 (12 bytes)
1720427550.977302 sending message 112 to peer 0x635b6197dba0 (13 bytes)
1720427550.977304 sending message 112 to peer 0x635b6197dba0 (13 bytes)
1720427550.977307 sending message 112 to peer 0x635b6197dba0 (13 bytes)
1720427550.977309 sending message 112 to peer 0x635b6197dba0 (13 bytes)
1720427550.977312 sending message 112 to peer 0x635b6197dba0 (13 bytes)
1720427550.977314 sending message 112 to peer 0x635b6197dba0 (10 bytes)
1720427550.977317 sending message 112 to peer 0x635b6197dba0 (9 bytes)
1720427550.977319 sending message 112 to peer 0x635b6197dba0 (12 bytes)
1720427550.977322 sending message 112 to peer 0x635b6197dba0 (13 bytes)
1720427550.977324 sending message 112 to peer 0x635b6197dba0 (13 bytes)
1720427550.977326 sending message 112 to peer 0x635b6197dba0 (13 bytes)
1720427550.977333 sending message 112 to peer 0x635b6197dba0 (13 bytes)
1720427550.977335 sending message 112 to peer 0x635b6197dba0 (13 bytes)
1720427550.977338 sending message 112 to peer 0x635b6197dba0 (9 bytes)
1720427550.977341 sending message 112 to peer 0x635b6197dba0 (12 bytes)
1720427550.977343 sending message 112 to peer 0x635b6197dba0 (13 bytes)
1720427550.977346 sending message 112 to peer 0x635b6197dba0 (13 bytes)
1720427550.977348 sending message 112 to peer 0x635b6197dba0 (13 bytes)
1720427550.977350 sending message 112 to peer 0x635b6197dba0 (13 bytes)
1720427550.977353 sending message 112 to peer 0x635b6197dba0 (13 bytes)
1720427550.977355 sending message 112 to peer 0x635b6197dba0 (11 bytes)
1720427550.977357 sending message 112 to peer 0x635b6197dba0 (12 bytes)
1720427550.977360 sending message 112 to peer 0x635b6197dba0 (13 bytes)
1720427550.977362 sending message 112 to peer 0x635b6197dba0 (13 bytes)
1720427550.977364 sending message 112 to peer 0x635b6197dba0 (13 bytes)
1720427550.977367 sending message 112 to peer 0x635b6197dba0 (13 bytes)
1720427550.977369 sending message 112 to peer 0x635b6197dba0 (13 bytes)
1720427550.977371 sending message 112 to peer 0x635b6197dba0 (11 bytes)
1720427550.977374 sending message 112 to peer 0x635b6197dba0 (12 bytes)
1720427550.977376 sending message 112 to peer 0x635b6197dba0 (12 bytes)
1720427550.977378 sending message 112 to peer 0x635b6197dba0 (12 bytes)
1720427550.977381 sending message 112 to peer 0x635b6197dba0 (12 bytes)
1720427550.977383 sending message 112 to peer 0x635b6197dba0 (12 bytes)
1720427550.977386 sending message 112 to peer 0x635b6197dba0 (21 bytes)
1720427550.977388 sending message 112 to peer 0x635b6197dba0 (12 bytes)
1720427550.977391 sending message 112 to peer 0x635b6197dba0 (9 bytes)
1720427550.977394 sending message 112 to peer 0x635b6197dba0 (6 bytes)
1720427550.977396 sending message 112 to peer 0x635b6197dba0 (13 bytes)
1720427550.977399 sending message 112 to peer 0x635b6197dba0 (10 bytes)
1720427550.977401 sending message 112 to peer 0x635b6197dba0 (24 bytes)
1720427550.977403 sending message 112 to peer 0x635b6197dba0 (13 bytes)
1720427550.977406 sending message 112 to peer 0x635b6197dba0 (9 bytes)
1720427550.977408 sending message 112 to peer 0x635b6197dba0 (70 bytes)
1720427550.977411 sending message 112 to peer 0x635b6197dba0 (69 bytes)
1720427550.977413 sending message 112 to peer 0x635b6197dba0 (12 bytes)
1720427550.977416 sending message 112 to peer 0x635b6197dba0 (10 bytes)
1720427550.977418 sending message 112 to peer 0x635b6197dba0 (10 bytes)
1720427550.977421 sending message 112 to peer 0x635b6197dba0 (24 bytes)
1720427550.977423 sending message 112 to peer 0x635b6197dba0 (13 bytes)
1720427550.977426 sending message 112 to peer 0x635b6197dba0 (10 bytes)
1720427550.977428 sending message 112 to peer 0x635b6197dba0 (10 bytes)
1720427550.977431 sending message 112 to peer 0x635b6197dba0 (10 bytes)
1720427550.977433 sending message 112 to peer 0x635b6197dba0 (13 bytes)
1720427550.977435 sending message 112 to peer 0x635b6197dba0 (15 bytes)
1720427550.977438 sending message 112 to peer 0x635b6197dba0 (5 bytes)
1720427550.977440 sending message 104 to peer 0x635b6197dba0 (0 bytes)
1720427550.977443 sending message 110 to peer 0x635b6197dba0 (0 bytes)
1720427550.977446 sending message 107 to peer 0x635b6197dba0 (4 bytes)
1720427550.977449 sending message 105 to peer 0x635b6197dba0 (22 bytes)
1720427550.977451 sending message 105 to peer 0x635b6197dba0 (41 bytes)
1720427550.977454 sending message 105 to peer 0x635b6197dba0 (128 bytes)
1720427550.977456 sending message 105 to peer 0x635b6197dba0 (86 bytes)
1720427550.977458 sending message 105 to peer 0x635b6197dba0 (17 bytes)
1720427550.977461 sending message 105 to peer 0x635b6197dba0 (33 bytes)
1720427550.977464 sending message 105 to peer 0x635b6197dba0 (20 bytes)
1720427550.977466 sending message 105 to peer 0x635b6197dba0 (26 bytes)
1720427550.977469 sending message 105 to peer 0x635b6197dba0 (24 bytes)
1720427550.977471 sending message 105 to peer 0x635b6197dba0 (34 bytes)
1720427550.977475 sending message 105 to peer 0x635b6197dba0 (18 bytes)
1720427550.977478 sending message 105 to peer 0x635b6197dba0 (23 bytes)
1720427550.977480 sending message 105 to peer 0x635b6197dba0 (21 bytes)
1720427550.977482 sending message 105 to peer 0x635b6197dba0 (23 bytes)
1720427550.977485 sending message 105 to peer 0x635b6197dba0 (32 bytes)
1720427550.977488 sending message 105 to peer 0x635b6197dba0 (16 bytes)
1720427550.977490 sending message 105 to peer 0x635b6197dba0 (54 bytes)
1720427550.977493 sending message 105 to peer 0x635b6197dba0 (17 bytes)
1720427550.977495 sending message 105 to peer 0x635b6197dba0 (27 bytes)
1720427550.977497 sending message 105 to peer 0x635b6197dba0 (28 bytes)
1720427550.977500 sending message 105 to peer 0x635b6197dba0 (16 bytes)
1720427550.977502 sending message 105 to peer 0x635b6197dba0 (17 bytes)
1720427550.977505 sending message 105 to peer 0x635b6197dba0 (27 bytes)
1720427550.977507 sending message 105 to peer 0x635b6197dba0 (19 bytes)
1720427550.977509 sending message 105 to peer 0x635b6197dba0 (44 bytes)
1720427550.977512 sending message 105 to peer 0x635b6197dba0 (23 bytes)
1720427550.977514 sending message 105 to peer 0x635b6197dba0 (14 bytes)
1720427550.977517 sending message 105 to peer 0x635b6197dba0 (150 bytes)
1720427550.977519 sending message 105 to peer 0x635b6197dba0 (30 bytes)
1720427550.977522 sending message 105 to peer 0x635b6197dba0 (15 bytes)
1720427550.977524 sending message 105 to peer 0x635b6197dba0 (32 bytes)
1720427550.977527 sending message 105 to peer 0x635b6197dba0 (224 bytes)
1720427550.977529 sending message 105 to peer 0x635b6197dba0 (31 bytes)
1720427550.977532 sending message 105 to peer 0x635b6197dba0 (19 bytes)
1720427550.977534 sending message 105 to peer 0x635b6197dba0 (19 bytes)
1720427550.977536 sending message 105 to peer 0x635b6197dba0 (25 bytes)
1720427550.977539 sending message 105 to peer 0x635b6197dba0 (18 bytes)
1720427550.977541 sending message 105 to peer 0x635b6197dba0 (19 bytes)
1720427550.977545 sending message 105 to peer 0x635b6197dba0 (22 bytes)
1720427550.977548 sending message 105 to peer 0x635b6197dba0 (20 bytes)
1720427550.977550 sending message 105 to peer 0x635b6197dba0 (20 bytes)
1720427550.977553 sending message 105 to peer 0x635b6197dba0 (54 bytes)
1720427550.977555 sending message 105 to peer 0x635b6197dba0 (14 bytes)
1720427550.977557 sending message 105 to peer 0x635b6197dba0 (23 bytes)
1720427550.977560 sending message 105 to peer 0x635b6197dba0 (20 bytes)
1720427550.977562 sending message 105 to peer 0x635b6197dba0 (17 bytes)
1720427550.977565 sending message 105 to peer 0x635b6197dba0 (11 bytes)
1720427550.977567 sending message 105 to peer 0x635b6197dba0 (18 bytes)
1720427550.977570 sending message 105 to peer 0x635b6197dba0 (8 bytes)
1720427550.977572 sending message 105 to peer 0x635b6197dba0 (32 bytes)
1720427550.977575 sending message 105 to peer 0x635b6197dba0 (11 bytes)
1720427550.977577 sending message 105 to peer 0x635b6197dba0 (8 bytes)
1720427550.977580 sending message 105 to peer 0x635b6197dba0 (32 bytes)
1720427550.977582 sending message 105 to peer 0x635b6197dba0 (1764 bytes)
1720427550.977594 sending message 105 to peer 0x635b6197dba0 (57 bytes)
1720427550.977597 sending message 105 to peer 0x635b6197dba0 (28 bytes)
1720427550.977600 sending message 105 to peer 0x635b6197dba0 (79 bytes)
1720427550.977602 sending message 105 to peer 0x635b6197dba0 (10 bytes)
1720427550.977605 sending message 105 to peer 0x635b6197dba0 (24 bytes)
1720427550.977607 sending message 105 to peer 0x635b6197dba0 (32 bytes)
1720427550.977610 sending message 105 to peer 0x635b6197dba0 (35 bytes)
1720427550.977613 sending message 105 to peer 0x635b6197dba0 (37 bytes)
1720427550.977615 sending message 105 to peer 0x635b6197dba0 (30 bytes)
1720427550.977617 sending message 105 to peer 0x635b6197dba0 (16 bytes)
1720427550.977620 sending message 105 to peer 0x635b6197dba0 (56 bytes)
1720427550.977622 sending message 105 to peer 0x635b6197dba0 (65 bytes)
1720427550.977627 sending message 105 to peer 0x635b6197dba0 (12 bytes)
1720427550.977629 sending message 105 to peer 0x635b6197dba0 (20 bytes)
1720427550.977632 sending message 106 to peer 0x635b6197dba0 (0 bytes)
1720427550.977667 sending message 200 to peer 0x635b6197dba0 (4 bytes)
1720427550.977670 client loop enter
1720427550.977680 client_signal: Child exited
1720427551.016528 peer 0x635b6197dba0 message 207
1720427551.016539 sending message 208 to peer 0x635b6197dba0 (0 bytes)
1720427556.793294 peer 0x635b6197dba0 message 203
1720427556.793310 sending message 205 to peer 0x635b6197dba0 (0 bytes)
1720427556.793626 peer 0x635b6197dba0 message 204
1720427556.793638 client loop exit
